Using pre-set license
Built from '2021.1/staging' branch; Version is '2021.1.23f1 (b50729e604a9) revision 11863849'; Using compiler version '192528614'; Build Type 'Release'
OS: 'Windows 10 Pro; OS build 19042.985; Version 2009; 64bit' Language: 'en' Physical Memory: 8059 MB
BatchMode: 1, IsHumanControllingUs: 0, StartBugReporterOnCrash: 0, Is64bit: 1, IsPro: 0

COMMAND LINE ARGUMENTS:
C:\2021.1.23f1\Editor\Unity.exe
-adb2
-batchMode
-noUpm
-name
AssetImportWorker0
-projectPath
E:/Facultate/3/Introducere Realitati Mixte/[IMR]_3A3_OnofreiTudor_HribEcaterina_VR
-logFile
Logs/AssetImportWorker0.log
-srvPort
64657
Successfully changed project path to: E:/Facultate/3/Introducere Realitati Mixte/[IMR]_3A3_OnofreiTudor_HribEcaterina_VR
E:/Facultate/3/Introducere Realitati Mixte/[IMR]_3A3_OnofreiTudor_HribEcaterina_VR
Using Asset Import Pipeline V2.
Refreshing native plugins compatible for Editor in 96.77 ms, found 9 plugins.
Preloading 0 native plugins for Editor in 0.00 ms.
Initialize engine version: 2021.1.23f1 (b50729e604a9)
[Subsystems] Discovering subsystems at path C:/2021.1.23f1/Editor/Data/Resources/UnitySubsystems
[Subsystems] Discovering subsystems at path E:/Facultate/3/Introducere Realitati Mixte/[IMR]_3A3_OnofreiTudor_HribEcaterina_VR/Assets
GfxDevice: creating device client; threaded=0; jobified=0
Direct3D:
    Version:  Direct3D 11.0 [level 11.1]
    Renderer: NVIDIA GeForce GTX 1650 Ti (ID=0x1f95)
    Vendor:   NVIDIA
    VRAM:     3962 MB
    Driver:   30.0.14.7141
Initialize mono
Mono path[0] = 'C:/2021.1.23f1/Editor/Data/Managed'
Mono path[1] = 'C:/2021.1.23f1/Editor/Data/MonoBleedingEdge/lib/mono/unityjit'
Mono config path = 'C:/2021.1.23f1/Editor/Data/MonoBleedingEdge/etc'
Using monoOptions --debugger-agent=transport=dt_socket,embedding=1,server=y,suspend=n,address=127.0.0.1:56412
Begin MonoManager ReloadAssembly
Registering precompiled unity dll's ...
Register platform support module: C:/2021.1.23f1/Editor/Data/PlaybackEngines/WindowsStandaloneSupport/UnityEditor.WindowsStandalone.Extensions.dll
Registered in 0.001653 seconds.
Native extension for WindowsStandalone target not found
Refreshing native plugins compatible for Editor in 95.99 ms, found 9 plugins.
Preloading 0 native plugins for Editor in 0.00 ms.
Mono: successfully reloaded assembly
- Completed reload, in  1.791 seconds
Domain Reload Profiling:
	ReloadAssembly (1792ms)
		BeginReloadAssembly (73ms)
			ExecutionOrderSort (0ms)
			DisableScriptedObjects (0ms)
			BackupInstance (0ms)
			ReleaseScriptingObjects (0ms)
			CreateAndSetChildDomain (1ms)
		EndReloadAssembly (562ms)
			LoadAssemblies (71ms)
			RebuildTransferFunctionScriptingTraits (0ms)
			SetupTypeCache (185ms)
			ReleaseScriptCaches (0ms)
			RebuildScriptCaches (41ms)
			SetupLoadedEditorAssemblies (283ms)
				LogAssemblyErrors (0ms)
				InitializePlatformSupportModulesInManaged (7ms)
				SetLoadedEditorAssemblies (0ms)
				RefreshPlugins (96ms)
				BeforeProcessingInitializeOnLoad (2ms)
				ProcessInitializeOnLoadAttributes (121ms)
				ProcessInitializeOnLoadMethodAttributes (56ms)
				AfterProcessingInitializeOnLoad (0ms)
				EditorAssembliesLoaded (0ms)
			ExecutionOrderSort2 (0ms)
			AwakeInstancesAfterBackupRestoration (0ms)
Platform modules already initialized, skipping
Registering precompiled user dll's ...
Registered in 0.009499 seconds.
Begin MonoManager ReloadAssembly
Symbol file LoadedFromMemory doesn't match image E:\Facultate\3\Introducere Realitati Mixte\[IMR]_3A3_OnofreiTudor_HribEcaterina_VR\Library\PackageCache\com.unity.visualscripting@1.6.1\Editor\VisualScripting.Core\Dependencies\YamlDotNet\Unity.VisualScripting.YamlDotNet.dll
Symbol file LoadedFromMemory doesn't match image E:\Facultate\3\Introducere Realitati Mixte\[IMR]_3A3_OnofreiTudor_HribEcaterina_VR\Library\PackageCache\com.unity.visualscripting@1.6.1\Editor\VisualScripting.Core\Dependencies\DotNetZip\Unity.VisualScripting.IonicZip.dll
Native extension for WindowsStandalone target not found
Refreshing native plugins compatible for Editor in 97.49 ms, found 9 plugins.
Preloading 0 native plugins for Editor in 0.00 ms.
Mono: successfully reloaded assembly
- Completed reload, in  1.547 seconds
Domain Reload Profiling:
	ReloadAssembly (1547ms)
		BeginReloadAssembly (169ms)
			ExecutionOrderSort (0ms)
			DisableScriptedObjects (5ms)
			BackupInstance (0ms)
			ReleaseScriptingObjects (0ms)
			CreateAndSetChildDomain (26ms)
		EndReloadAssembly (1318ms)
			LoadAssemblies (111ms)
			RebuildTransferFunctionScriptingTraits (0ms)
			SetupTypeCache (401ms)
			ReleaseScriptCaches (1ms)
			RebuildScriptCaches (63ms)
			SetupLoadedEditorAssemblies (644ms)
				LogAssemblyErrors (0ms)
				InitializePlatformSupportModulesInManaged (4ms)
				SetLoadedEditorAssemblies (0ms)
				RefreshPlugins (98ms)
				BeforeProcessingInitializeOnLoad (87ms)
				ProcessInitializeOnLoadAttributes (442ms)
				ProcessInitializeOnLoadMethodAttributes (8ms)
				AfterProcessingInitializeOnLoad (6ms)
				EditorAssembliesLoaded (0ms)
			ExecutionOrderSort2 (0ms)
			AwakeInstancesAfterBackupRestoration (7ms)
Platform modules already initialized, skipping
========================================================================
Worker process is ready to serve import requests
Launched and connected shader compiler UnityShaderCompiler.exe after 0.08 seconds
Refreshing native plugins compatible for Editor in 1.92 ms, found 9 plugins.
Preloading 0 native plugins for Editor in 0.00 ms.
Unloading 3582 Unused Serialized files (Serialized files now loaded: 0)
System memory in use before: 158.7 MB.
System memory in use after: 159.0 MB.

Unloading 39 unused Assets to reduce memory usage. Loaded Objects now: 4060.
Total: 4.834500 ms (FindLiveObjects: 0.540200 ms CreateObjectMapping: 0.269600 ms MarkObjects: 3.985000 ms  DeleteObjects: 0.038200 ms)

AssetImportParameters requested are different than current active one (requested -> active):
  custom:framework-win-MediaFoundation: 216162199b28c13a410421893ffa2e32 -> 
  custom:video-decoder-ogg-theora: a1e56fd34408186e4bbccfd4996cb3dc -> 
  custom:container-muxer-webm: aa71ff27fc2769a1b78a27578f13a17b -> 
  custom:container-demuxer-webm: 4f35f7cbe854078d1ac9338744f61a02 -> 
  custom:container-demuxer-ogg: 62fdf1f143b41e24485cea50d1cbac27 -> 
  custom:video-encoder-webm-vp8: eb34c28f22e8b96e1ab97ce403110664 -> 
  custom:video-decoder-webm-vp8: 9c59270c3fd7afecdb556c50c9e8de78 -> 
  custom:audio-decoder-ogg-vorbis: bf7c407c2cedff20999df2af8eb42d56 -> 
  custom:audio-encoder-webm-vorbis: bf7c407c2cedff20999df2af8eb42d56 -> 
========================================================================
Received Import Request.
  path: Assets/Models/ModelMana2.fbx
  artifactKey: Guid(67a82fd788d2c7a4fb4e95f9505823ba) Importer(815301076,1909f56bfc062723c751e8b465ee728b)
Start importing Assets/Models/ModelMana2.fbx using Guid(67a82fd788d2c7a4fb4e95f9505823ba) Importer(815301076,1909f56bfc062723c751e8b465ee728b)  -> (artifact id: 'ee58cfb45cea5c93871ac745a057fb89') in 0.225131 seconds 
========================================================================
Received Prepare
Registering precompiled user dll's ...
Registered in 0.005097 seconds.
Begin MonoManager ReloadAssembly
Symbol file LoadedFromMemory doesn't match image E:\Facultate\3\Introducere Realitati Mixte\[IMR]_3A3_OnofreiTudor_HribEcaterina_VR\Library\PackageCache\com.unity.visualscripting@1.6.1\Editor\VisualScripting.Core\Dependencies\YamlDotNet\Unity.VisualScripting.YamlDotNet.dll
Symbol file LoadedFromMemory doesn't match image E:\Facultate\3\Introducere Realitati Mixte\[IMR]_3A3_OnofreiTudor_HribEcaterina_VR\Library\PackageCache\com.unity.visualscripting@1.6.1\Editor\VisualScripting.Core\Dependencies\DotNetZip\Unity.VisualScripting.IonicZip.dll
Native extension for WindowsStandalone target not found
Refreshing native plugins compatible for Editor in 2.34 ms, found 9 plugins.
Preloading 0 native plugins for Editor in 0.00 ms.
Mono: successfully reloaded assembly
- Completed reload, in  1.282 seconds
Domain Reload Profiling:
	ReloadAssembly (1283ms)
		BeginReloadAssembly (149ms)
			ExecutionOrderSort (0ms)
			DisableScriptedObjects (4ms)
			BackupInstance (0ms)
			ReleaseScriptingObjects (0ms)
			CreateAndSetChildDomain (52ms)
		EndReloadAssembly (1077ms)
			LoadAssemblies (102ms)
			RebuildTransferFunctionScriptingTraits (0ms)
			SetupTypeCache (357ms)
			ReleaseScriptCaches (2ms)
			RebuildScriptCaches (43ms)
			SetupLoadedEditorAssemblies (462ms)
				LogAssemblyErrors (0ms)
				InitializePlatformSupportModulesInManaged (7ms)
				SetLoadedEditorAssemblies (2ms)
				RefreshPlugins (2ms)
				BeforeProcessingInitializeOnLoad (62ms)
				ProcessInitializeOnLoadAttributes (376ms)
				ProcessInitializeOnLoadMethodAttributes (7ms)
				AfterProcessingInitializeOnLoad (6ms)
				EditorAssembliesLoaded (0ms)
			ExecutionOrderSort2 (0ms)
			AwakeInstancesAfterBackupRestoration (9ms)
Platform modules already initialized, skipping
Refreshing native plugins compatible for Editor in 1.25 ms, found 9 plugins.
Preloading 0 native plugins for Editor in 0.00 ms.
Unloading 3564 Unused Serialized files (Serialized files now loaded: 0)
System memory in use before: 179.0 MB.
System memory in use after: 179.3 MB.

Unloading 33 unused Assets to reduce memory usage. Loaded Objects now: 4106.
Total: 6.049600 ms (FindLiveObjects: 0.518600 ms CreateObjectMapping: 0.317100 ms MarkObjects: 5.181200 ms  DeleteObjects: 0.030500 ms)

AssetImportParameters requested are different than current active one (requested -> active):
  custom:framework-win-MediaFoundation: 216162199b28c13a410421893ffa2e32 -> 
  custom:video-decoder-ogg-theora: a1e56fd34408186e4bbccfd4996cb3dc -> 
  custom:container-muxer-webm: aa71ff27fc2769a1b78a27578f13a17b -> 
  custom:container-demuxer-webm: 4f35f7cbe854078d1ac9338744f61a02 -> 
  custom:container-demuxer-ogg: 62fdf1f143b41e24485cea50d1cbac27 -> 
  custom:video-encoder-webm-vp8: eb34c28f22e8b96e1ab97ce403110664 -> 
  custom:video-decoder-webm-vp8: 9c59270c3fd7afecdb556c50c9e8de78 -> 
  custom:audio-decoder-ogg-vorbis: bf7c407c2cedff20999df2af8eb42d56 -> 
  custom:audio-encoder-webm-vorbis: bf7c407c2cedff20999df2af8eb42d56 -> 
========================================================================
Received Import Request.
  Time since last request: 242.722820 seconds.
  path: Assets/Materials/Skin.mat
  artifactKey: Guid(942637a7f2fffdd4a9b4d9e1bf4786d6) Importer(815301076,1909f56bfc062723c751e8b465ee728b)
Start importing Assets/Materials/Skin.mat using Guid(942637a7f2fffdd4a9b4d9e1bf4786d6) Importer(815301076,1909f56bfc062723c751e8b465ee728b)  -> (artifact id: 'a08d02ce9d63c57ac1100a2c0e1825c4') in 0.085526 seconds 
========================================================================
Received Import Request.
  Time since last request: 11.789679 seconds.
  path: Assets/Textures/Skin.jpg
  artifactKey: Guid(51c218a5f839d89469dfc998883d55bc) Importer(815301076,1909f56bfc062723c751e8b465ee728b)
Start importing Assets/Textures/Skin.jpg using Guid(51c218a5f839d89469dfc998883d55bc) Importer(815301076,1909f56bfc062723c751e8b465ee728b)  -> (artifact id: '81b79f016b9f3e75e947ba538960ddbf') in 0.046519 seconds 
========================================================================
Received Import Request.
  Time since last request: 1671.593257 seconds.
  path: Assets/Materials/Skin.mat
  artifactKey: Guid(942637a7f2fffdd4a9b4d9e1bf4786d6) Importer(815301076,1909f56bfc062723c751e8b465ee728b)
Start importing Assets/Materials/Skin.mat using Guid(942637a7f2fffdd4a9b4d9e1bf4786d6) Importer(815301076,1909f56bfc062723c751e8b465ee728b)  -> (artifact id: '87f93ef768ed2b5d2d57527e13d8243c') in 0.038458 seconds 
========================================================================
Received Prepare
Registering precompiled user dll's ...
Registered in 0.393314 seconds.
Begin MonoManager ReloadAssembly
Symbol file LoadedFromMemory doesn't match image E:\Facultate\3\Introducere Realitati Mixte\[IMR]_3A3_OnofreiTudor_HribEcaterina_VR\Library\PackageCache\com.unity.visualscripting@1.6.1\Editor\VisualScripting.Core\Dependencies\YamlDotNet\Unity.VisualScripting.YamlDotNet.dll
Symbol file LoadedFromMemory doesn't match image E:\Facultate\3\Introducere Realitati Mixte\[IMR]_3A3_OnofreiTudor_HribEcaterina_VR\Library\PackageCache\com.unity.visualscripting@1.6.1\Editor\VisualScripting.Core\Dependencies\DotNetZip\Unity.VisualScripting.IonicZip.dll
Native extension for WindowsStandalone target not found
Refreshing native plugins compatible for Editor in 13.05 ms, found 9 plugins.
Preloading 0 native plugins for Editor in 0.00 ms.
Mono: successfully reloaded assembly
- Completed reload, in  7.909 seconds
Domain Reload Profiling:
	ReloadAssembly (7910ms)
		BeginReloadAssembly (980ms)
			ExecutionOrderSort (0ms)
			DisableScriptedObjects (20ms)
			BackupInstance (0ms)
			ReleaseScriptingObjects (1ms)
			CreateAndSetChildDomain (353ms)
		EndReloadAssembly (6624ms)
			LoadAssemblies (888ms)
			RebuildTransferFunctionScriptingTraits (0ms)
			SetupTypeCache (2157ms)
			ReleaseScriptCaches (11ms)
			RebuildScriptCaches (298ms)
			SetupLoadedEditorAssemblies (2572ms)
				LogAssemblyErrors (0ms)
				InitializePlatformSupportModulesInManaged (24ms)
				SetLoadedEditorAssemblies (1ms)
				RefreshPlugins (13ms)
				BeforeProcessingInitializeOnLoad (250ms)
				ProcessInitializeOnLoadAttributes (2204ms)
				ProcessInitializeOnLoadMethodAttributes (51ms)
				AfterProcessingInitializeOnLoad (26ms)
				EditorAssembliesLoaded (4ms)
			ExecutionOrderSort2 (0ms)
			AwakeInstancesAfterBackupRestoration (91ms)
Platform modules already initialized, skipping
Refreshing native plugins compatible for Editor in 6.41 ms, found 9 plugins.
Preloading 0 native plugins for Editor in 0.00 ms.
Unloading 3565 Unused Serialized files (Serialized files now loaded: 0)
System memory in use before: 179.6 MB.
System memory in use after: 179.9 MB.

Unloading 33 unused Assets to reduce memory usage. Loaded Objects now: 4126.
Total: 35.676400 ms (FindLiveObjects: 5.750600 ms CreateObjectMapping: 2.863500 ms MarkObjects: 26.908100 ms  DeleteObjects: 0.130700 ms)

AssetImportParameters requested are different than current active one (requested -> active):
  custom:framework-win-MediaFoundation: 216162199b28c13a410421893ffa2e32 -> 
  custom:video-decoder-ogg-theora: a1e56fd34408186e4bbccfd4996cb3dc -> 
  custom:container-muxer-webm: aa71ff27fc2769a1b78a27578f13a17b -> 
  custom:container-demuxer-webm: 4f35f7cbe854078d1ac9338744f61a02 -> 
  custom:container-demuxer-ogg: 62fdf1f143b41e24485cea50d1cbac27 -> 
  custom:video-encoder-webm-vp8: eb34c28f22e8b96e1ab97ce403110664 -> 
  custom:video-decoder-webm-vp8: 9c59270c3fd7afecdb556c50c9e8de78 -> 
  custom:audio-decoder-ogg-vorbis: bf7c407c2cedff20999df2af8eb42d56 -> 
  custom:audio-encoder-webm-vorbis: bf7c407c2cedff20999df2af8eb42d56 -> 
AssetImportWorkerClient::OnTransportError - code=2 error=End of file
